<?xml version="1.0" encoding="UTF-8"?>
<testng-results skipped="0" failed="0" total="1" passed="1">
  <reporter-output>
  </reporter-output>
  <suite name="Default suite" duration-ms="31730" started-at="2016-02-29T06:21:38Z" finished-at="2016-02-29T06:22:10Z">
    <groups>
    </groups>
    <test name="Default test" duration-ms="31730" started-at="2016-02-29T06:21:38Z" finished-at="2016-02-29T06:22:10Z">
      <class name="com.test.scripts.WelcomeTest">
        <test-method status="PASS" signature="setobjects()[pri:0, instance:com.test.scripts.WelcomeTest@3a82f6ef]" name="setobjects" is-config="true" duration-ms="31" started-at="2016-02-29T11:51:38Z" finished-at="2016-02-29T11:51:38Z">
          <reporter-output>
          </reporter-output>
        </test-method> <!-- setobjects -->
        <test-method status="PASS" signature="setUp()[pri:0, instance:com.test.scripts.WelcomeTest@3a82f6ef]" name="setUp" is-config="true" duration-ms="15359" started-at="2016-02-29T11:51:38Z" finished-at="2016-02-29T11:51:54Z">
          <reporter-output>
          </reporter-output>
        </test-method> <!-- setUp -->
        <test-method status="PASS" signature="testWelcome()[pri:0, instance:com.test.scripts.WelcomeTest@3a82f6ef]" name="testWelcome" duration-ms="14225" started-at="2016-02-29T11:51:54Z" finished-at="2016-02-29T11:52:08Z">
          <reporter-output>
          </reporter-output>
        </test-method> <!-- testWelcome -->
        <test-method status="PASS" signature="tearDown()[pri:0, instance:com.test.scripts.WelcomeTest@3a82f6ef]" name="tearDown" is-config="true" duration-ms="2076" started-at="2016-02-29T11:52:08Z" finished-at="2016-02-29T11:52:10Z">
          <reporter-output>
          </reporter-output>
        </test-method> <!-- tearDown -->
      </class> <!-- com.test.scripts.WelcomeTest -->
    </test> <!-- Default test -->
  </suite> <!-- Default suite -->
</testng-results>
